{"contracts\\Market.sol":{"l":{"11":2,"17":1,"18":1},"path":"C:\\Users\\Oliver\\projects\\nostrum-marketplace\\contracts\\Market.sol","s":{"1":2,"2":1,"3":1},"b":{},"f":{"1":2,"2":9,"3":1},"fnMap":{"1":{"name":"setMockNFTAddr","line":10,"loc":{"start":{"line":10,"column":4},"end":{"line":12,"column":4}}},"2":{"name":"constructor","line":14,"loc":{"start":{"line":14,"column":4},"end":{"line":14,"column":19}}},"3":{"name":"callMint","line":16,"loc":{"start":{"line":16,"column":4},"end":{"line":19,"column":4}}}},"statementMap":{"1":{"start":{"line":11,"column":8},"end":{"line":11,"column":33}},"2":{"start":{"line":17,"column":8},"end":{"line":17,"column":49}},"3":{"start":{"line":18,"column":8},"end":{"line":18,"column":32}}},"branchMap":{}},"contracts\\MockNFT.sol":{"l":{"19":1,"20":1,"22":1,"23":1,"24":1,"26":1},"path":"C:\\Users\\Oliver\\projects\\nostrum-marketplace\\contracts\\MockNFT.sol","s":{"1":1,"2":1,"3":1,"4":1,"5":1,"6":1},"b":{"1":[1,0]},"f":{"1":9,"2":1},"fnMap":{"1":{"name":"constructor","line":16,"loc":{"start":{"line":16,"column":4},"end":{"line":16,"column":45}}},"2":{"name":"mint","line":18,"loc":{"start":{"line":18,"column":4},"end":{"line":27,"column":4}}}},"statementMap":{"1":{"start":{"line":19,"column":8},"end":{"line":19,"column":62}},"2":{"start":{"line":20,"column":8},"end":{"line":20,"column":28}},"3":{"start":{"line":22,"column":8},"end":{"line":22,"column":47}},"4":{"start":{"line":23,"column":8},"end":{"line":23,"column":35}},"5":{"start":{"line":24,"column":8},"end":{"line":24,"column":40}},"6":{"start":{"line":26,"column":8},"end":{"line":26,"column":24}}},"branchMap":{"1":{"line":19,"type":"if","locations":[{"start":{"line":19,"column":8},"end":{"line":19,"column":8}},{"start":{"line":19,"column":8},"end":{"line":19,"column":8}}]}}}}