TN:
SF:C:\Users\Oliver\projects\nostrum-marketplace\contracts\Market.sol
FN:10,setMockNFTAddr
FN:14,constructor
FN:16,callMint
FNF:3
FNH:3
FNDA:2,setMockNFTAddr
FNDA:9,constructor
FNDA:1,callMint
DA:11,2
DA:17,1
DA:18,1
LF:3
LH:3
BRF:0
BRH:0
end_of_record
TN:
SF:C:\Users\Oliver\projects\nostrum-marketplace\contracts\MockNFT.sol
FN:16,constructor
FN:18,mint
FNF:2
FNH:2
FNDA:9,constructor
FNDA:1,mint
DA:19,1
DA:20,1
DA:22,1
DA:23,1
DA:24,1
DA:26,1
LF:6
LH:6
BRDA:19,1,0,1
BRDA:19,1,1,0
BRF:2
BRH:1
end_of_record
